#
# There is insufficient memory for the Java Runtime Environment to continue.
# Native memory allocation (mmap) failed to map 199229440 bytes for Failed to commit area from 0x0000000742400000 to 0x000000074e200000 of length 199229440.
# Possible reasons:
#   The system is out of physical RAM or swap space
#   The process is running with CompressedOops enabled, and the Java Heap may be blocking the growth of the native heap
# Possible solutions:
#   Reduce memory load on the system
#   Increase physical memory or swap space
#   Check if swap backing store is full
#   Decrease Java heap size (-Xmx/-Xms)
#   Decrease number of Java threads
#   Decrease Java thread stack sizes (-Xss)
#   Set larger code cache with -XX:ReservedCodeCacheSize=
# This output file may be truncated or incomplete.
#
#  Out of Memory Error (./src/hotspot/os/windows/os_windows.cpp:3619), pid=16484, tid=19752
#
# JRE version:  (11.0.13+7) (build )
# Java VM: OpenJDK 64-Bit Server VM (11.0.13+7-b1751.21, mixed mode, sharing, tiered, compressed oops, g1 gc, windows-amd64)
# No core dump will be written. Minidumps are not enabled by default on client versions of Windows
#

---------------  S U M M A R Y ------------

Command Line: git4idea.http.GitAskPassApp Username for 'https://github.com': 

Host: Intel(R) Core(TM) i5-9300H CPU @ 2.40GHz, 8 cores, 11G,  Windows 11 , 64 bit Build 22000 (10.0.22000.434)
Time: Thu Feb 17 18:43:16 2022 Belarus Standard Time elapsed time: 0.016096 seconds (0d 0h 0m 0s)

---------------  T H R E A D  ---------------

Current thread (0x000001b8c1424800):  JavaThread "Unknown thread" [_thread_in_vm, id=19752, stack(0x000000062a200000,0x000000062a300000)]

Stack: [0x000000062a200000,0x000000062a300000]
Native frames: (J=compiled Java code, j=interpreted, Vv=VM code, C=native code)
V  [jvm.dll+0x613daa]
V  [jvm.dll+0x799b30]
V  [jvm.dll+0x79b14d]
V  [jvm.dll+0x79b823]
V  [jvm.dll+0x24c958]
V  [jvm.dll+0x610e24]
V  [jvm.dll+0x605b25]
V  [jvm.dll+0x30aaab]
V  [jvm.dll+0x30aa1a]
V  [jvm.dll+0x30a8f2]
V  [jvm.dll+0x30f856]
V  [jvm.dll+0x359143]
V  [jvm.dll+0x359846]
V  [jvm.dll+0x359243]
V  [jvm.dll+0x2e57a8]
V  [jvm.dll+0x2e6947]
V  [jvm.dll+0x776d47]
V  [jvm.dll+0x77853c]
V  [jvm.dll+0x3666c9]
V  [jvm.dll+0x75a9ce]
V  [jvm.dll+0x3d47d3]
V  [jvm.dll+0x3d6d21]
C  [jli.dll+0x536b]
C  [ucrtbase.dll+0x26c0c]
C  [KERNEL32.DLL+0x154e0]
C  [ntdll.dll+0x485b]


---------------  P R O C E S S  ---------------

Threads class SMR info:
_java_thread_list=0x000001b8bf1d13d0, length=0, elements={
}

Java Threads: ( => current thread )

Other Threads:
  0x000001b8c1439000 GCTaskThread "GC Thread#0" [stack: 0x000000062a300000,0x000000062a400000] [id=4652]
  0x000001b8c147e800 ConcurrentGCThread "G1 Main Marker" [stack: 0x000000062a400000,0x000000062a500000] [id=8836]
  0x000001b8c1480000 ConcurrentGCThread "G1 Conc#0" [stack: 0x000000062a500000,0x000000062a600000] [id=8056]

[error occurred during error reporting (printing all threads), id 0xc0000005, EXCEPTION_ACCESS_VIOLATION (0xc0000005) at pc=0x00007fff7a465c97]

VM state:not at safepoint (not fully initialized)

VM Mutex/Monitor currently owned by a thread:  ([mutex/lock_event])
[0x000001b8c14202c0] Heap_lock - owner thread: 0x000001b8c1424800

Heap address: 0x0000000742400000, size: 3036 MB, Compressed Oops mode: Non-zero based: 0x0000000742400000
Narrow klass base: 0x0000000000000000, Narrow klass shift: 0

GC Heap History (0 events):
No events

Deoptimization events (0 events):
No events

Classes redefined (0 events):
No events

Internal exceptions (0 events):
No events

Events (1 events):
Event: 0.010 Loaded shared library D:\WebStorm 2020.3.2\jbr\bin\zip.dll


Dynamic libraries:
0x00007ff70a0d0000 - 0x00007ff70a0da000 	D:\WebStorm 2020.3.2\jbr\bin\java.exe
0x00007ff813b80000 - 0x00007ff813d89000 	C:\WINDOWS\SYSTEM32\ntdll.dll
0x00007ff812b40000 - 0x00007ff812bfd000 	C:\WINDOWS\System32\KERNEL32.DLL
0x00007ff8111c0000 - 0x00007ff811534000 	C:\WINDOWS\System32\KERNELBASE.dll
0x00007ff811540000 - 0x00007ff811651000 	C:\WINDOWS\System32\ucrtbase.dll
0x00007fffddae0000 - 0x00007fffddaf9000 	D:\WebStorm 2020.3.2\jbr\bin\jli.dll
0x00007fffdd7d0000 - 0x00007fffdd7e7000 	D:\WebStorm 2020.3.2\jbr\bin\VCRUNTIME140.dll
0x00007ff812860000 - 0x00007ff812a0c000 	C:\WINDOWS\System32\USER32.dll
0x00007ff811070000 - 0x00007ff811096000 	C:\WINDOWS\System32\win32u.dll
0x00007ffff69e0000 - 0x00007ffff6c85000 	C:\WINDOWS\WinSxS\amd64_microsoft.windows.common-controls_6595b64144ccf1df_6.0.22000.120_none_9d947278b86cc467\COMCTL32.dll
0x00007ff813940000 - 0x00007ff813969000 	C:\WINDOWS\System32\GDI32.dll
0x00007ff813160000 - 0x00007ff813203000 	C:\WINDOWS\System32\msvcrt.dll
0x00007ff8110a0000 - 0x00007ff8111b2000 	C:\WINDOWS\System32\gdi32full.dll
0x00007ff811980000 - 0x00007ff811a1d000 	C:\WINDOWS\System32\msvcp_win.dll
0x00007ff812da0000 - 0x00007ff812dd1000 	C:\WINDOWS\System32\IMM32.DLL
0x00007fffbdf70000 - 0x00007fffbe00d000 	D:\WebStorm 2020.3.2\jbr\bin\msvcp140.dll
0x00007fff7a170000 - 0x00007fff7ace6000 	D:\WebStorm 2020.3.2\jbr\bin\server\jvm.dll
0x00007ff813610000 - 0x00007ff8136be000 	C:\WINDOWS\System32\ADVAPI32.dll
0x00007ff812ce0000 - 0x00007ff812d7e000 	C:\WINDOWS\System32\sechost.dll
0x00007ff813820000 - 0x00007ff813940000 	C:\WINDOWS\System32\RPCRT4.dll
0x00007ff812a10000 - 0x00007ff812a18000 	C:\WINDOWS\System32\PSAPI.DLL
0x00007ffff7770000 - 0x00007ffff7779000 	C:\WINDOWS\SYSTEM32\WSOCK32.dll
0x00007ff8137b0000 - 0x00007ff81381f000 	C:\WINDOWS\System32\WS2_32.dll
0x00007ff80bba0000 - 0x00007ff80bbaa000 	C:\WINDOWS\SYSTEM32\VERSION.dll
0x00007ff80bc10000 - 0x00007ff80bc43000 	C:\WINDOWS\SYSTEM32\WINMM.dll
0x00007ff8101e0000 - 0x00007ff8101f8000 	C:\WINDOWS\SYSTEM32\kernel.appcore.dll
0x00007ff801710000 - 0x00007ff801721000 	D:\WebStorm 2020.3.2\jbr\bin\verify.dll
0x00007ff80ebe0000 - 0x00007ff80ee01000 	C:\WINDOWS\SYSTEM32\DBGHELP.DLL
0x00007ff8091e0000 - 0x00007ff809211000 	C:\WINDOWS\SYSTEM32\dbgcore.DLL
0x00007ff811890000 - 0x00007ff81190f000 	C:\WINDOWS\System32\bcryptPrimitives.dll
0x00007ffffe3c0000 - 0x00007ffffe3e9000 	D:\WebStorm 2020.3.2\jbr\bin\java.dll
0x00007ff80b470000 - 0x00007ff80b47b000 	D:\WebStorm 2020.3.2\jbr\bin\jimage.dll
0x00007fffe21d0000 - 0x00007fffe21e8000 	D:\WebStorm 2020.3.2\jbr\bin\zip.dll

dbghelp: loaded successfully - version: 4.0.5 - missing functions: none
symbol engine: initialized successfully - sym options: 0x614 - pdb path: .;D:\WebStorm 2020.3.2\jbr\bin;C:\WINDOWS\SYSTEM32;C:\WINDOWS\WinSxS\amd64_microsoft.windows.common-controls_6595b64144ccf1df_6.0.22000.120_none_9d947278b86cc467;D:\WebStorm 2020.3.2\jbr\bin\server

VM Arguments:
java_command: git4idea.http.GitAskPassApp Username for 'https://github.com': 
java_class_path (initial): D:/WebStorm 2020.3.2/plugins/git4idea/lib/git4idea-rt.jar;D:/WebStorm 2020.3.2/lib/3rd-party.jar;D:/WebStorm 2020.3.2/lib/3rd-party-rt.jar
Launcher Type: SUN_STANDARD

[Global flags]
     intx CICompilerCount                          = 4                                         {product} {ergonomic}
     uint ConcGCThreads                            = 2                                         {product} {ergonomic}
     uint G1ConcRefinementThreads                  = 8                                         {product} {ergonomic}
   size_t G1HeapRegionSize                         = 1048576                                   {product} {ergonomic}
    uintx GCDrainStackTargetSize                   = 64                                        {product} {ergonomic}
   size_t InitialHeapSize                          = 199229440                                 {product} {ergonomic}
   size_t MarkStackSize                            = 4194304                                   {product} {ergonomic}
   size_t MaxHeapSize                              = 3183476736                                {product} {ergonomic}
   size_t MinHeapDeltaBytes                        = 1048576                                   {product} {ergonomic}
    uintx NonNMethodCodeHeapSize                   = 5836300                                {pd product} {ergonomic}
    uintx NonProfiledCodeHeapSize                  = 122910970                              {pd product} {ergonomic}
    uintx ProfiledCodeHeapSize                     = 122910970                              {pd product} {ergonomic}
    uintx ReservedCodeCacheSize                    = 251658240                              {pd product} {ergonomic}
     bool SegmentedCodeCache                       = true                                      {product} {ergonomic}
     bool UseCompressedClassPointers               = true                                 {lp64_product} {ergonomic}
     bool UseCompressedOops                        = true                                 {lp64_product} {ergonomic}
     bool UseG1GC                                  = true                                      {product} {ergonomic}
     bool UseLargePagesIndividualAllocation        = false                                  {pd product} {ergonomic}

Logging:
Log output configuration:
 #0: stdout all=warning uptime,level,tags
 #1: stderr all=off uptime,level,tags

Environment Variables:
PATH=C:/Program Files/Git/mingw64/libexec/git-core;C:/Program Files/Git/mingw64/libexec/git-core;C:\Program Files\Git\mingw64\bin;C:\Program Files\Git\usr\bin;C:\Users\mipik\bin;C:\Program Files\Semeru\jdk-11.0.12.7-openj9\bin;D:\bin;C:\Program Files\Common Files\Oracle\Java\javapath;C:\Program Files (x86)\Common Files\Intel\Shared Libraries\redist\intel64\compiler;C:\Windows\system32;C:\Windows;C:\Windows\System32\Wbem;C:\Windows\System32\WindowsPowerShell\v1.0\;C:\Windows\System32\OpenSSH\;C:\Program Files\Intel\WiFi\bin\;C:\Program Files\Common Files\Intel\WirelessCommon\;C:\Program Files (x86)\NVIDIA Corporation\PhysX\Common;C:\WINDOWS\system32;C:\WINDOWS;C:\WINDOWS\System32\Wbem;C:\WINDOWS\System32\WindowsPowerShell\v1.0\;C:\WINDOWS\System32\OpenSSH\;C:\Program Files\NVIDIA Corporation\NVIDIA NvDLISR;C:\Program Files\Microsoft SQL Server\130\Tools\Binn\;C:\WINDOWS\system32;C:\WINDOWS;C:\WINDOWS\System32\Wbem;C:\WINDOWS\System32\WindowsPowerShell\v1.0\;C:\WINDOWS\System32\OpenSSH\;C:\Program Files (x86)\QuickTime\QTSystem\;D:\NdeJS\;C:\Users\mipik\AppData\Local\Microsoft\WindowsApps;D:\Microsoft VS Code\bin;D:\WebStorm 2020.3.2\bin;C:\Program Files\sfdx\b;C:\Program Files\Git\cmd;C:\Users\mipik\AppData\Local\Microsoft\WindowsApps;D:\Microsoft VS Code\bin;D:\WebStorm 2020.3.2\bin;C:\Program Files\sfdx\bin;C:\Users\mipik\AppData\Roaming\npm;C:\Users\mipik\AppData\Local\gitkraken\bin;C:\Users\mipik\AppData\Local\GitHubDesktop\bin
USERNAME=mipik
DISPLAY=:0.0
LC_ALL=en_US.UTF-8
OS=Windows_NT
PROCESSOR_IDENTIFIER=Intel64 Family 6 Model 158 Stepping 10, GenuineIntel



---------------  S Y S T E M  ---------------

OS: Windows 11 , 64 bit Build 22000 (10.0.22000.434)
OS uptime: 8 days 8:21 hours

CPU:total 8 (initial active 8) (4 cores per cpu, 2 threads per core) family 6 model 158 stepping 10 microcode 0xde, cmov, cx8, fxsr, mmx, sse, sse2, sse3, ssse3, sse4.1, sse4.2, popcnt, avx, avx2, aes, clmul, erms, 3dnowpref, lzcnt, ht, tsc, tscinvbit, bmi1, bmi2, adx, fma

Memory: 4k page, system-wide physical 12140M (1178M free)
TotalPageFile size 18251M (AvailPageFile size 84M)
current process WorkingSet (physical memory assigned to process): 10M, peak: 10M
current process commit charge ("private bytes"): 60M, peak: 250M

vm_info: OpenJDK 64-Bit Server VM (11.0.13+7-b1751.21) for windows-amd64 JRE (11.0.13+7-b1751.21), built on Nov 30 2021 02:32:50 by "" with MS VC++ 14.0 (VS2015)

END.
